[0.529s] Invoking command in '/home/ws/cs1699-EcoBot/maneuver/eco_move': PYTHONPATH=/home/ws/cs1699-EcoBot/build/eco_move/prefix_override:/usr/lib/python3/dist-packages/colcon_core/task/python/colcon_distutils_commands:/home/ws/cs1699-EcoBot/install/eco_move/lib/python3.10/site-packages:${PYTHONPATH} /usr/bin/python3 -W ignore:setup.py install is deprecated setup.py egg_info --egg-base ../../build/eco_move build --build-base /home/ws/cs1699-EcoBot/build/eco_move/build install --record /home/ws/cs1699-EcoBot/build/eco_move/install.log --single-version-externally-managed install_data
[0.737s] running egg_info
[0.738s] writing ../../build/eco_move/eco_move.egg-info/PKG-INFO
[0.738s] writing dependency_links to ../../build/eco_move/eco_move.egg-info/dependency_links.txt
[0.738s] writing entry points to ../../build/eco_move/eco_move.egg-info/entry_points.txt
[0.738s] writing requirements to ../../build/eco_move/eco_move.egg-info/requires.txt
[0.739s] writing top-level names to ../../build/eco_move/eco_move.egg-info/top_level.txt
[0.740s] reading manifest file '../../build/eco_move/eco_move.egg-info/SOURCES.txt'
[0.741s] writing manifest file '../../build/eco_move/eco_move.egg-info/SOURCES.txt'
[0.741s] running build
[0.741s] running build_py
[0.741s] copying eco_move/move.py -> /home/ws/cs1699-EcoBot/build/eco_move/build/lib/eco_move
[0.741s] running install
[0.741s] running install_lib
[0.742s] copying /home/ws/cs1699-EcoBot/build/eco_move/build/lib/eco_move/move.py -> /home/ws/cs1699-EcoBot/install/eco_move/lib/python3.10/site-packages/eco_move
[0.743s] byte-compiling /home/ws/cs1699-EcoBot/install/eco_move/lib/python3.10/site-packages/eco_move/move.py to move.cpython-310.pyc
[0.743s] running install_data
[0.743s] running install_egg_info
[0.745s] removing '/home/ws/cs1699-EcoBot/install/eco_move/lib/python3.10/site-packages/eco_move-0.0.0-py3.10.egg-info' (and everything under it)
[0.745s] Copying ../../build/eco_move/eco_move.egg-info to /home/ws/cs1699-EcoBot/install/eco_move/lib/python3.10/site-packages/eco_move-0.0.0-py3.10.egg-info
[0.746s] running install_scripts
[0.763s] Installing move script to /home/ws/cs1699-EcoBot/install/eco_move/lib/eco_move
[0.763s] writing list of installed files to '/home/ws/cs1699-EcoBot/build/eco_move/install.log'
[0.780s] Invoked command in '/home/ws/cs1699-EcoBot/maneuver/eco_move' returned '0': PYTHONPATH=/home/ws/cs1699-EcoBot/build/eco_move/prefix_override:/usr/lib/python3/dist-packages/colcon_core/task/python/colcon_distutils_commands:/home/ws/cs1699-EcoBot/install/eco_move/lib/python3.10/site-packages:${PYTHONPATH} /usr/bin/python3 -W ignore:setup.py install is deprecated setup.py egg_info --egg-base ../../build/eco_move build --build-base /home/ws/cs1699-EcoBot/build/eco_move/build install --record /home/ws/cs1699-EcoBot/build/eco_move/install.log --single-version-externally-managed install_data
