[0.663s] Invoking command in '/home/ws/cs1699-EcoBot/maneuver/eco_move': PYTHONPATH=/home/ws/cs1699-EcoBot/build/eco_move/prefix_override:/usr/lib/python3/dist-packages/colcon_core/task/python/colcon_distutils_commands:/home/ws/cs1699-EcoBot/install/eco_move/lib/python3.10/site-packages:${PYTHONPATH} /usr/bin/python3 -W ignore:setup.py install is deprecated setup.py egg_info --egg-base ../../build/eco_move build --build-base /home/ws/cs1699-EcoBot/build/eco_move/build install --record /home/ws/cs1699-EcoBot/build/eco_move/install.log --single-version-externally-managed install_data
[0.961s] running egg_info
[0.962s] writing ../../build/eco_move/eco_move.egg-info/PKG-INFO
[0.962s] writing dependency_links to ../../build/eco_move/eco_move.egg-info/dependency_links.txt
[0.963s] writing entry points to ../../build/eco_move/eco_move.egg-info/entry_points.txt
[0.963s] writing requirements to ../../build/eco_move/eco_move.egg-info/requires.txt
[0.964s] writing top-level names to ../../build/eco_move/eco_move.egg-info/top_level.txt
[0.965s] reading manifest file '../../build/eco_move/eco_move.egg-info/SOURCES.txt'
[0.966s] writing manifest file '../../build/eco_move/eco_move.egg-info/SOURCES.txt'
[0.967s] running build
[0.967s] running build_py
[0.967s] running install
[0.967s] running install_lib
[0.969s] running install_data
[0.977s] running install_egg_info
[0.977s] removing '/home/ws/cs1699-EcoBot/install/eco_move/lib/python3.10/site-packages/eco_move-0.0.0-py3.10.egg-info' (and everything under it)
[0.977s] Copying ../../build/eco_move/eco_move.egg-info to /home/ws/cs1699-EcoBot/install/eco_move/lib/python3.10/site-packages/eco_move-0.0.0-py3.10.egg-info
[0.977s] running install_scripts
[0.993s] Installing move script to /home/ws/cs1699-EcoBot/install/eco_move/lib/eco_move
[0.993s] writing list of installed files to '/home/ws/cs1699-EcoBot/build/eco_move/install.log'
[1.046s] Invoked command in '/home/ws/cs1699-EcoBot/maneuver/eco_move' returned '0': PYTHONPATH=/home/ws/cs1699-EcoBot/build/eco_move/prefix_override:/usr/lib/python3/dist-packages/colcon_core/task/python/colcon_distutils_commands:/home/ws/cs1699-EcoBot/install/eco_move/lib/python3.10/site-packages:${PYTHONPATH} /usr/bin/python3 -W ignore:setup.py install is deprecated setup.py egg_info --egg-base ../../build/eco_move build --build-base /home/ws/cs1699-EcoBot/build/eco_move/build install --record /home/ws/cs1699-EcoBot/build/eco_move/install.log --single-version-externally-managed install_data
