[0.560s] Invoking command in '/home/ws/cs1699-EcoBot/maneuver/eco_move': PYTHONPATH=/home/ws/cs1699-EcoBot/build/eco_move/prefix_override:/usr/lib/python3/dist-packages/colcon_core/task/python/colcon_distutils_commands:/home/ws/cs1699-EcoBot/install/eco_move/lib/python3.10/site-packages:${PYTHONPATH} /usr/bin/python3 -W ignore:setup.py install is deprecated setup.py egg_info --egg-base ../../build/eco_move build --build-base /home/ws/cs1699-EcoBot/build/eco_move/build install --record /home/ws/cs1699-EcoBot/build/eco_move/install.log --single-version-externally-managed install_data
[0.771s] running egg_info
[0.772s] writing ../../build/eco_move/eco_move.egg-info/PKG-INFO
[0.772s] writing dependency_links to ../../build/eco_move/eco_move.egg-info/dependency_links.txt
[0.772s] writing entry points to ../../build/eco_move/eco_move.egg-info/entry_points.txt
[0.772s] writing requirements to ../../build/eco_move/eco_move.egg-info/requires.txt
[0.772s] writing top-level names to ../../build/eco_move/eco_move.egg-info/top_level.txt
[0.773s] reading manifest file '../../build/eco_move/eco_move.egg-info/SOURCES.txt'
[0.774s] writing manifest file '../../build/eco_move/eco_move.egg-info/SOURCES.txt'
[0.774s] running build
[0.774s] running build_py
[0.775s] copying eco_move/move.py -> /home/ws/cs1699-EcoBot/build/eco_move/build/lib/eco_move
[0.775s] running install
[0.775s] running install_lib
[0.775s] copying /home/ws/cs1699-EcoBot/build/eco_move/build/lib/eco_move/move.py -> /home/ws/cs1699-EcoBot/install/eco_move/lib/python3.10/site-packages/eco_move
[0.776s] byte-compiling /home/ws/cs1699-EcoBot/install/eco_move/lib/python3.10/site-packages/eco_move/move.py to move.cpython-310.pyc
[0.776s]   File "/home/ws/cs1699-EcoBot/install/eco_move/lib/python3.10/site-packages/eco_move/move.py", line 1
[0.776s]     \# adapted from UGV given code and my old 1567 project
[0.776s]      ^
[0.776s] SyntaxError: unexpected character after line continuation character
[0.776s] 
[0.776s] running install_data
[0.776s] running install_egg_info
[0.778s] removing '/home/ws/cs1699-EcoBot/install/eco_move/lib/python3.10/site-packages/eco_move-0.0.0-py3.10.egg-info' (and everything under it)
[0.778s] Copying ../../build/eco_move/eco_move.egg-info to /home/ws/cs1699-EcoBot/install/eco_move/lib/python3.10/site-packages/eco_move-0.0.0-py3.10.egg-info
[0.778s] running install_scripts
[0.797s] Installing move script to /home/ws/cs1699-EcoBot/install/eco_move/lib/eco_move
[0.798s] writing list of installed files to '/home/ws/cs1699-EcoBot/build/eco_move/install.log'
[0.820s] Invoked command in '/home/ws/cs1699-EcoBot/maneuver/eco_move' returned '0': PYTHONPATH=/home/ws/cs1699-EcoBot/build/eco_move/prefix_override:/usr/lib/python3/dist-packages/colcon_core/task/python/colcon_distutils_commands:/home/ws/cs1699-EcoBot/install/eco_move/lib/python3.10/site-packages:${PYTHONPATH} /usr/bin/python3 -W ignore:setup.py install is deprecated setup.py egg_info --egg-base ../../build/eco_move build --build-base /home/ws/cs1699-EcoBot/build/eco_move/build install --record /home/ws/cs1699-EcoBot/build/eco_move/install.log --single-version-externally-managed install_data
