running egg_info
writing ../../build/eco_move/eco_move.egg-info/PKG-INFO
writing dependency_links to ../../build/eco_move/eco_move.egg-info/dependency_links.txt
writing entry points to ../../build/eco_move/eco_move.egg-info/entry_points.txt
writing requirements to ../../build/eco_move/eco_move.egg-info/requires.txt
writing top-level names to ../../build/eco_move/eco_move.egg-info/top_level.txt
reading manifest file '../../build/eco_move/eco_move.egg-info/SOURCES.txt'
writing manifest file '../../build/eco_move/eco_move.egg-info/SOURCES.txt'
running build
running build_py
copying eco_move/move.py -> /home/ws/cs1699-EcoBot/build/eco_move/build/lib/eco_move
running install
running install_lib
copying /home/ws/cs1699-EcoBot/build/eco_move/build/lib/eco_move/move.py -> /home/ws/cs1699-EcoBot/install/eco_move/lib/python3.10/site-packages/eco_move
byte-compiling /home/ws/cs1699-EcoBot/install/eco_move/lib/python3.10/site-packages/eco_move/move.py to move.cpython-310.pyc
Sorry: TabError: inconsistent use of tabs and spaces in indentation (move.py, line 53)
running install_data
running install_egg_info
removing '/home/ws/cs1699-EcoBot/install/eco_move/lib/python3.10/site-packages/eco_move-0.0.0-py3.10.egg-info' (and everything under it)
Copying ../../build/eco_move/eco_move.egg-info to /home/ws/cs1699-EcoBot/install/eco_move/lib/python3.10/site-packages/eco_move-0.0.0-py3.10.egg-info
running install_scripts
Installing move script to /home/ws/cs1699-EcoBot/install/eco_move/lib/eco_move
writing list of installed files to '/home/ws/cs1699-EcoBot/build/eco_move/install.log'
